<?xml version="1.0" encoding="UTF-8" ?>
<testsuite tests="8" failures="0" name="GameStateTest" time="0.172" errors="0" skipped="0">
  <properties>
[...]
</properties>
  <testcase classname="GameStateTest" name="testZeroPlayers" time="0.119"/>
  <testcase classname="GameStateTest" name="testNormalGame" time="0.044"/>
  <testcase classname="GameStateTest" name="testMockedMethod" time="0.006"/>
  <testcase classname="GameStateTest" name="testCantSetScoreGameCompleted" time="0.001"/>
  <testcase classname="GameStateTest" name="testNotEnoughPlayers" time="0"/>
  <testcase classname="GameStateTest" name="testInitialState" time="0"/>
  <testcase classname="GameStateTest" name="testTooManyPlayers" time="0"/>
  <testcase classname="GameStateTest" name="testTooManyPlayers2" time="0.001"/>
</testsuite>